<?xml version="1.0" encoding="UTF-8"?>
<!-- Generated by org.testng.reporters.JUnitXMLReporter -->
<testsuite hostname="DESKTOP-HE68M17" failures="0" tests="7" name="Default test" time="0.078" errors="0" timestamp="19 Jul 2022 05:08:20 GMT">
  <testcase classname="com.testing.DemoTest" name="createDemo1Test" time="0.021"/>
  <testcase classname="com.testing.DemoTest" name="createDemo2Test" time="0.001"/>
  <testcase classname="com.testing.DemoTest" name="createDemo3Test" time="0.001"/>
  <testcase classname="com.testing.DemoTest" name="createDemo5Test" time="0.001"/>
  <testcase classname="com.testing.DemoTest" name="createDemo6Test" time="0.002"/>
  <testcase classname="com.testing.DemoTest" name="createDemo7Test" time="0.002"/>
  <testcase classname="com.testing.DemoTest" name="pratice1Test" time="0.006"/>
</testsuite> <!-- Default test -->
