<?xml version="1.0" encoding="UTF-8"?>
<!-- Generated by org.testng.reporters.JUnitXMLReporter -->
<testsuite hostname="DESKTOP-HE68M17" failures="0" tests="13" name="Test" time="0.186" errors="0" timestamp="18 Jul 2022 17:38:12 GMT">
  <testcase classname="com.testing.DemoTest2" name="createDemo11Test" time="0.023"/>
  <testcase classname="com.testing.DemoTest2" name="createDemo12Test" time="0.007"/>
  <testcase classname="com.testing.DemoTest2" name="createDemo13Test" time="0.005"/>
  <testcase classname="com.testing.DemoTest1" name="createDemo10Test" time="0.003"/>
  <testcase classname="com.testing.DemoTest1" name="createDemo8Test" time="0.002"/>
  <testcase classname="com.testing.DemoTest1" name="createDemo9Test" time="0.002"/>
  <testcase classname="com.testing.DemoTest" name="createDemo1Test" time="0.002"/>
  <testcase classname="com.testing.DemoTest" name="createDemo2Test" time="0.008"/>
  <testcase classname="com.testing.DemoTest" name="createDemo3Test" time="0.007"/>
  <testcase classname="com.testing.DemoTest" name="createDemo5Test" time="0.005"/>
  <testcase classname="com.testing.DemoTest" name="createDemo6Test" time="0.016"/>
  <testcase classname="com.testing.DemoTest" name="createDemo7Test" time="0.008"/>
  <testcase classname="com.testing.DemoTest" name="pratice1Test" time="0.003"/>
</testsuite> <!-- Test -->
