<?xml version="1.0" encoding="UTF-8"?>
<testng-results total="7" passed="7" failed="0" skipped="0">
  <reporter-output>
    <line>
      <![CDATA[Test Demo1]]>
    </line>
    <line>
      <![CDATA[Test Demo2]]>
    </line>
    <line>
      <![CDATA[Test Demo3]]>
    </line>
    <line>
      <![CDATA[Test Demo5]]>
    </line>
    <line>
      <![CDATA[Test Demo6]]>
    </line>
    <line>
      <![CDATA[Test Demo7]]>
    </line>
  </reporter-output>
  <suite started-at="2022-07-19T05:08:20Z" name="Default suite" finished-at="2022-07-19T05:08:20Z" duration-ms="78">
    <groups>
    </groups>
    <test started-at="2022-07-19T05:08:20Z" name="Default test" finished-at="2022-07-19T05:08:20Z" duration-ms="78">
      <class name="com.testing.DemoTest">
        <test-method signature="createDemo1Test()[pri:0, instance:com.testing.DemoTest@d771cc9]" started-at="2022-07-19T10:38:20Z" name="createDemo1Test" finished-at="2022-07-19T10:38:20Z" duration-ms="21" status="PASS">
          <reporter-output>
            <line>
              <![CDATA[Test Demo1]]>
            </line>
          </reporter-output>
        </test-method> <!-- createDemo1Test -->
        <test-method signature="createDemo2Test()[pri:0, instance:com.testing.DemoTest@d771cc9]" started-at="2022-07-19T10:38:20Z" name="createDemo2Test" finished-at="2022-07-19T10:38:20Z" duration-ms="1" status="PASS">
          <reporter-output>
            <line>
              <![CDATA[Test Demo2]]>
            </line>
          </reporter-output>
        </test-method> <!-- createDemo2Test -->
        <test-method signature="createDemo3Test()[pri:0, instance:com.testing.DemoTest@d771cc9]" started-at="2022-07-19T10:38:20Z" name="createDemo3Test" finished-at="2022-07-19T10:38:20Z" duration-ms="1" status="PASS">
          <reporter-output>
            <line>
              <![CDATA[Test Demo3]]>
            </line>
          </reporter-output>
        </test-method> <!-- createDemo3Test -->
        <test-method signature="createDemo5Test()[pri:0, instance:com.testing.DemoTest@d771cc9]" started-at="2022-07-19T10:38:20Z" name="createDemo5Test" finished-at="2022-07-19T10:38:20Z" duration-ms="1" status="PASS">
          <reporter-output>
            <line>
              <![CDATA[Test Demo5]]>
            </line>
          </reporter-output>
        </test-method> <!-- createDemo5Test -->
        <test-method signature="createDemo6Test()[pri:0, instance:com.testing.DemoTest@d771cc9]" started-at="2022-07-19T10:38:20Z" name="createDemo6Test" finished-at="2022-07-19T10:38:20Z" duration-ms="2" status="PASS">
          <reporter-output>
            <line>
              <![CDATA[Test Demo6]]>
            </line>
          </reporter-output>
        </test-method> <!-- createDemo6Test -->
        <test-method signature="createDemo7Test()[pri:0, instance:com.testing.DemoTest@d771cc9]" started-at="2022-07-19T10:38:20Z" name="createDemo7Test" finished-at="2022-07-19T10:38:20Z" duration-ms="2" status="PASS">
          <reporter-output>
            <line>
              <![CDATA[Test Demo7]]>
            </line>
          </reporter-output>
        </test-method> <!-- createDemo7Test -->
        <test-method signature="pratice1Test()[pri:0, instance:com.testing.DemoTest@d771cc9]" started-at="2022-07-19T10:38:20Z" name="pratice1Test" finished-at="2022-07-19T10:38:20Z" duration-ms="6" status="PASS">
          <reporter-output>
          </reporter-output>
        </test-method> <!-- pratice1Test -->
      </class> <!-- com.testing.DemoTest -->
    </test> <!-- Default test -->
  </suite> <!-- Default suite -->
</testng-results>
